<?xml version="1.0" encoding="utf-8"?>
<coverage line-rate="0.9427" branch-rate="0.8647" version="1.9" timestamp="1788549433" lines-covered="2090" lines-valid="2217" branches-covered="1413" branches-valid="1634">
  <sources>
    <source>C:\Users\Administrator\Desktop\每天工具\N卡本地识别\OcrLineTool.App\</source>
  </sources>
  <packages>
    <package name="OCR整行提取工具-NVIDIA-CUDA" line-rate="0.9427" branch-rate="0.8647" complexity="1760">
      <classes>
        <class name="ApplicationConfiguration" filename="obj\Debug\net8.0-windows\win-x64\System.Windows.Forms.Analyzers.CSharp\System.Windows.Forms.Generators.ApplicationConfigurationGenerator\ApplicationConfiguration.g.cs" line-rate="0" branch-rate="1" complexity="1">
          <methods>
            <method name="Initialize" signature="()" line-rate="0" branch-rate="1" complexity="1">
              <lines>
                <line number="23" hits="0" branch="False" />
                <line number="24" hits="0" branch="False" />
                <line number="25" hits="0" branch="False" />
                <line number="26" hits="0" branch="False" />
                <line number="27" hits="0" branch="False" />
              </lines>
            </method>
          </methods>
          <lines>
            <line number="23" hits="0" branch="False" />
            <line number="24" hits="0" branch="False" />
            <line number="25" hits="0" branch="False" />
            <line number="26" hits="0" branch="False" />
            <line number="27" hits="0" branch="False" />
          </lines>
        </class>
        <class name="OcrLineTool.CloudImageDeduplicator" filename="CloudImageDeduplicator.cs" line-rate="0.7692" branch-rate="1" complexity="6">
          <methods>
            <method name="ShouldDeduplicate" signature="(System.String,System.Collections.Generic.IReadOnlyList`1&lt;OcrLineTool.OcrRule&gt;)" line-rate="1" branch-rate="1" complexity="4">
              <lines>
                <line number="32" hits="8" branch="True" condition-coverage="100% (4/4)">
                  <conditions>
                    <condition number="11" type="jump" coverage="100%" />
                    <condition number="24" type="jump" coverage="100%" />
                  </conditions>
                </line>
                <line number="33" hits="8" branch="False" />
                <line number="34" hits="10" branch="False" />
              </lines>
            </method>
            <method name="TryFingerprint" signature="(System.String)" line-rate="0.625" branch-rate="1" complexity="1">
              <lines>
                <line number="37" hits="4" branch="False" />
                <line number="39" hits="4" branch="False" />
                <line number="40" hits="4" branch="False" />
                <line number="41" hits="4" branch="False" />
                <line number="43" hits="0" branch="False" />
                <line number="44" hits="0" branch="False" />
                <line number="45" hits="0" branch="False" />
                <line number="47" hits="4" branch="False" />
              </lines>
            </method>
            <method name=".ctor" signature="()" line-rate="1" branch-rate="1" complexity="1">
              <lines>
                <line number="8" hits="3" branch="False" />
                <line number="9" hits="3" branch="False" />
              </lines>
            </method>
          </methods>
          <lines>
            <line number="32" hits="8" branch="True" condition-coverage="100% (4/4)">
              <conditions>
                <condition number="11" type="jump" coverage="100%" />
                <condition number="24" type="jump" coverage="100%" />
              </conditions>
            </line>
            <line number="33" hits="8" branch="False" />
            <line number="34" hits="10" branch="False" />
            <line number="37" hits="4" branch="False" />
            <line number="39" hits="4" branch="False" />
            <line number="40" hits="4" branch="False" />
            <line number="41" hits="4" branch="False" />
            <line number="43" hits="0" branch="False" />
            <line number="44" hits="0" branch="False" />
            <line number="45" hits="0" branch="False" />
            <line number="47" hits="4" branch="False" />
            <line number="8" hits="3" branch="False" />
            <line number="9" hits="3" branch="False" />
          </lines>
        </class>
        <class name="OcrLineTool.CloudImageDeduplicator/&lt;RecognizeAsync&gt;d__1" filename="CloudImageDeduplicator.cs" line-rate="0.9166" branch-rate="0.8332999999999999" complexity="6">
          <methods>
            <method name="MoveNext" signature="()" line-rate="0.9166" branch-rate="0.8332999999999999" complexity="6">
              <lines>
                <line number="16" hits="8" branch="False" />
                <line number="17" hits="8" branch="True" condition-coverage="100% (2/2)">
                  <conditions>
                    <condition number="62" type="jump" coverage="100%" />
                  </conditions>
                </line>
                <line number="18" hits="4" branch="False" />
                <line number="20" hits="4" branch="False" />
                <line number="21" hits="4" branch="True" condition-coverage="50% (1/2)">
                  <conditions>
                    <condition number="213" type="jump" coverage="50%" />
                  </conditions>
                </line>
                <line number="22" hits="0" branch="False" />
                <line number="23" hits="4" branch="True" condition-coverage="100% (2/2)">
                  <conditions>
                    <condition number="369" type="jump" coverage="100%" />
                  </conditions>
                </line>
                <line number="24" hits="1" branch="False" />
                <line number="26" hits="3" branch="False" />
                <line number="27" hits="3" branch="False" />
                <line number="28" hits="3" branch="False" />
                <line number="29" hits="8" branch="False" />
              </lines>
            </method>
          </methods>
          <lines>
            <line number="16" hits="8" branch="False" />
            <line number="17" hits="8" branch="True" condition-coverage="100% (2/2)">
              <conditions>
                <condition number="62" type="jump" coverage="100%" />
              </conditions>
            </line>
            <line number="18" hits="4" branch="False" />
            <line number="20" hits="4" branch="False" />
            <line number="21" hits="4" branch="True" condition-coverage="50% (1/2)">
              <conditions>
                <condition number="213" type="jump" coverage="50%" />
              </conditions>
            </line>
            <line number="22" hits="0" branch="False" />
            <line number="23" hits="4" branch="True" condition-coverage="100% (2/2)">
              <conditions>
                <condition number="369" type="jump" coverage="100%" />
              </conditions>
            </line>
            <line number="24" hits="1" branch="False" />
            <line number="26" hits="3" branch="False" />
            <line number="27" hits="3" branch="False" />
            <line number="28" hits="3" branch="False" />
            <line number="29" hits="8" branch="False" />
          </lines>
        </class>
        <class name="OcrLineTool.CloudOcrCacheEntry" filename="CloudOcrCacheStore.cs" line-rate="1" branch-rate="1" complexity="5">
          <methods>
            <method name="get_Issue" signature="()" line-rate="1" branch-rate="1" complexity="1">
              <lines>
                <line number="6" hits="8" branch="False" />
              </lines>
            </method>
            <method name="get_ImagePath" signature="()" line-rate="1" branch-rate="1" complexity="1">
              <lines>
                <line number="7" hits="8" branch="False" />
              </lines>
            </method>
            <method name="get_Lines" signature="()" line-rate="1" branch-rate="1" complexity="1">
              <lines>
                <line number="8" hits="6" branch="False" />
              </lines>
            </method>
            <method name="get_CapturedAt" signature="()" line-rate="1" branch-rate="1" complexity="1">
              <lines>
                <line number="9" hits="11" branch="False" />
              </lines>
            </method>
            <method name=".ctor" signature="(System.Int32,System.String,System.Collections.Generic.IReadOnlyList`1&lt;System.String&gt;,System.DateTimeOffset)" line-rate="1" branch-rate="1" complexity="1">
              <lines>
                <line number="5" hits="7" branch="False" />
              </lines>
            </method>
          </methods>
          <lines>
            <line number="6" hits="8" branch="False" />
            <line number="7" hits="8" branch="False" />
            <line number="8" hits="6" branch="False" />
            <line number="9" hits="11" branch="False" />
            <line number="5" hits="7" branch="False" />
          </lines>
        </class>
        <class name="OcrLineTool.CloudOcrCacheStore" filename="CloudOcrCacheStore.cs" line-rate="0.619" branch-rate="0.5416" complexity="26">
          <methods>
            <method name="Load" signature="(System.String,System.String,System.Int32)" line-rate="0.5454" branch-rate="0.625" complexity="8">
              <lines>
                <line number="16" hits="2" branch="False" />
                <line number="17" hits="2" branch="False" />
                <line number="18" hits="2" branch="False" />
                <line number="20" hits="2" branch="False" />
                <line number="21" hits="2" branch="True" condition-coverage="50% (1/2)">
                  <conditions>
                    <condition number="42" type="jump" coverage="50%" />
                  </conditions>
                </line>
                <line number="22" hits="0" branch="False" />
                <line number="23" hits="2" branch="False" />
                <line number="24" hits="2" branch="True" condition-coverage="50% (2/4)">
                  <conditions>
                    <condition number="75" type="jump" coverage="50%" />
                    <condition number="96" type="jump" coverage="50%" />
                  </conditions>
                </line>
                <line number="25" hits="0" branch="False" />
                <line number="26" hits="0" branch="False" />
                <line number="27" hits="0" branch="False" />
                <line number="30" hits="2" branch="False" />
                <line number="31" hits="3" branch="True" condition-coverage="100% (2/2)">
                  <conditions>
                    <condition number="12" type="jump" coverage="100%" />
                  </conditions>
                </line>
                <line number="32" hits="2" branch="False" />
                <line number="33" hits="6" branch="False" />
                <line number="35" hits="0" branch="False" />
                <line number="36" hits="0" branch="False" />
                <line number="37" hits="0" branch="False" />
                <line number="39" hits="0" branch="False" />
                <line number="40" hits="0" branch="False" />
                <line number="41" hits="0" branch="False" />
                <line number="43" hits="2" branch="False" />
              </lines>
            </method>
            <method name="SaveEntry" signature="(System.String,System.String,System.Int32,System.String,System.Collections.Generic.IReadOnlyList`1&lt;System.String&gt;)" line-rate="0.7777" branch-rate="0.625" complexity="8">
              <lines>
                <line number="46" hits="3" branch="False" />
                <line number="47" hits="3" branch="False" />
                <line number="48" hits="3" branch="False" />
                <line number="51" hits="3" branch="False" />
                <line number="52" hits="3" branch="True" condition-coverage="75% (3/4)">
                  <conditions>
                    <condition number="42" type="jump" coverage="100%" />
                    <condition number="70" type="jump" coverage="50%" />
                  </conditions>
                </line>
                <line number="53" hits="3" branch="False" />
                <line number="54" hits="3" branch="False" />
                <line number="55" hits="3" branch="False" />
                <line number="56" hits="0" branch="False" />
                <line number="57" hits="0" branch="False" />
                <line number="58" hits="0" branch="False" />
                <line number="59" hits="0" branch="False" />
                <line number="61" hits="3" branch="True" condition-coverage="50% (1/2)">
                  <conditions>
                    <condition number="117" type="jump" coverage="50%" />
                  </conditions>
                </line>
                <line number="62" hits="1" branch="True" condition-coverage="50% (1/2)">
                  <conditions>
                    <condition number="12" type="jump" coverage="50%" />
                  </conditions>
                </line>
                <line number="63" hits="3" branch="False" />
                <line number="64" hits="3" branch="False" />
                <line number="65" hits="3" branch="False" />
                <line number="66" hits="3" branch="False" />
              </lines>
            </method>
            <method name="ClearExpired" signature="(System.String)" line-rate="0.35710000000000003" branch-rate="0.375" complexity="8">
              <lines>
                <line number="69" hits="51" branch="False" />
                <line number="70" hits="51" branch="False" />
                <line number="71" hits="51" branch="True" condition-coverage="100% (2/2)">
                  <conditions>
                    <condition number="19" type="jump" coverage="100%" />
                  </conditions>
                </line>
                <line number="72" hits="153" branch="True" condition-coverage="50% (1/2)">
                  <conditions>
                    <condition number="141" type="jump" coverage="50%" />
                  </conditions>
                </line>
                <line number="73" hits="0" branch="False" />
                <line number="75" hits="0" branch="False" />
                <line number="76" hits="0" branch="False" />
                <line number="77" hits="0" branch="True" condition-coverage="0% (0/4)">
                  <conditions>
                    <condition number="71" type="jump" coverage="0%" />
                    <condition number="97" type="jump" coverage="0%" />
                  </conditions>
                </line>
                <line number="78" hits="0" branch="False" />
                <line number="79" hits="0" branch="False" />
                <line number="80" hits="0" branch="False" />
                <line number="81" hits="0" branch="False" />
                <line number="82" hits="0" branch="False" />
                <line number="83" hits="51" branch="False" />
              </lines>
            </method>
            <method name="SaveDocument" signature="(System.String,OcrLineTool.CloudOcrCacheStore/CacheDocument)" line-rate="1" branch-rate="1" complexity="1">
              <lines>
                <line number="86" hits="3" branch="False" />
                <line number="87" hits="3" branch="False" />
                <line number="88" hits="3" branch="False" />
                <line number="89" hits="3" branch="False" />
              </lines>
            </method>
            <method name="BeijingToday" signature="()" line-rate="0.8" branch-rate="1" complexity="1">
              <lines>
                <line number="92" hits="5" branch="False" />
                <line number="94" hits="15" branch="False" />
                <line number="95" hits="0" branch="False" />
                <line number="96" hits="5" branch="False" />
                <line number="97" hits="5" branch="False" />
              </lines>
            </method>
          </methods>
          <lines>
            <line number="16" hits="2" branch="False" />
            <line number="17" hits="2" branch="False" />
            <line number="18" hits="2" branch="False" />
            <line number="20" hits="2" branch="False" />
            <line number="21" hits="2" branch="True" condition-coverage="50% (1/2)">
              <conditions>
                <condition number="42" type="jump" coverage="50%" />
              </conditions>
            </line>
            <line number="22" hits="0" branch="False" />
            <line number="23" hits="2" branch="False" />
            <line number="24" hits="2" branch="True" condition-coverage="50% (2/4)">
              <conditions>
                <condition number="75" type="jump" coverage="50%" />
                <condition number="96" type="jump" coverage="50%" />
              </conditions>
            </line>
            <line number="25" hits="0" branch="False" />
            <line number="26" hits="0" branch="False" />
            <line number="27" hits="0" branch="False" />
            <line number="30" hits="2" branch="False" />
            <line number="31" hits="3" branch="True" condition-coverage="100% (2/2)">
              <conditions>
                <condition number="12" type="jump" coverage="100%" />
              </conditions>
            </line>
            <line number="32" hits="2" branch="False" />
            <line number="33" hits="6" branch="False" />
            <line number="35" hits="0" branch="False" />
            <line number="36" hits="0" branch="False" />
            <line number="37" hits="0" branch="False" />
            <line number="39" hits="0" branch="False" />
            <line number="40" hits="0" branch="False" />
            <line number="41" hits="0" branch="False" />
            <line number="43" hits="2" branch="False" />
            <line number="46" hits="3" branch="False" />
            <line number="47" hits="3" branch="False" />
            <line number="48" hits="3" branch="False" />
            <line number="51" hits="3" branch="False" />
            <line number="52" hits="3" branch="True" condition-coverage="75% (3/4)">
              <conditions>
                <condition number="42" type="jump" coverage="100%" />
                <condition number="70" type="jump" coverage="50%" />
              </conditions>
            </line>
            <line number="53" hits="3" branch="False" />
            <line number="54" hits="3" branch="False" />
            <line number="55" hits="3" branch="False" />
            <line number="56" hits="0" branch="False" />
            <line number="57" hits="0" branch="False" />
            <line number="58" hits="0" branch="False" />
            <line number="59" hits="0" branch="False" />
            <line number="61" hits="3" branch="True" condition-coverage="50% (1/2)">
              <conditions>
                <condition number="117" type="jump" coverage="50%" />
              </conditions>
            </line>
            <line number="62" hits="1" branch="True" condition-coverage="50% (1/2)">
              <conditions>
                <condition number="12" type="jump" coverage="50%" />
              </conditions>
            </line>
            <line number="63" hits="3" branch="False" />
            <line number="64" hits="3" branch="False" />
            <line number="65" hits="3" branch="False" />
            <line number="66" hits="3" branch="False" />
            <line number="69" hits="51" branch="False" />
            <line number="70" hits="51" branch="False" />
            <line number="71" hits="51" branch="True" condition-coverage="100% (2/2)">
              <conditions>
                <condition number="19" type="jump" coverage="100%" />
              </conditions>
            </line>
            <line number="72" hits="153" branch="True" condition-coverage="50% (1/2)">
              <conditions>
                <condition number="141" type="jump" coverage="50%" />
              </conditions>
            </line>
            <line number="73" hits="0" branch="False" />
            <line number="75" hits="0" branch="False" />
            <line number="76" hits="0" branch="False" />
            <line number="77" hits="0" branch="True" condition-coverage="0% (0/4)">
              <conditions>
                <condition number="71" type="jump" coverage="0%" />
                <condition number="97" type="jump" coverage="0%" />
              </conditions>
            </line>
            <line number="78" hits="0" branch="False" />
            <line number="79" hits="0" branch="False" />
            <line number="80" hits="0" branch="False" />
            <line number="81" hits="0" branch="False" />
            <line number="82" hits="0" branch="False" />
            <line number="83" hits="51" branch="False" />
            <line number="86" hits="3" branch="False" />
            <line number="87" hits="3" branch="False" />
            <line number="88" hits="3" branch="False" />
            <line number="89" hits="3" branch="False" />
            <line number="92" hits="5" branch="False" />
            <line number="94" hits="15" branch="False" />
            <line number="95" hits="0" branch="False" />
            <line number="96" hits="5" branch="False" />
            <line number="97" hits="5" branch="False" />
          </lines>
        </class>
        <class name="OcrLineTool.CloudOcrCacheStore/CacheDocument" filename="CloudOcrCacheStore.cs" line-rate="1" branch-rate="1" complexity="1">
          <methods>
            <method name="get_Date" signature="()" line-rate="1" branch-rate="1" complexity="1">
              <lines>
                <line number="13" hits="24" branch="False" />
              </lines>
            </method>
          </methods>
          <lines>
            <line number="13" hits="24" branch="False" />
          </lines>
        </class>
        <class name="OcrLineTool.OcrCredential" filename="CredentialSchedule.cs" line-rate="1" branch-rate="1" complexity="7">
          <methods>
            <method name="get_Provider" signature="()" line-rate="1" branch-rate="1" complexity="1">
              <lines>
                <line number="10" hits="253" branch="False" />
              </lines>
            </method>
            <method name="get_Slot" signature="()" line-rate="1" branch-rate="1" complexity="1">
              <lines>
                <line number="11" hits="247" branch="False" />
              </lines>
            </method>
            <method name="get_Id" signature="()" line-rate="1" branch-rate="1" complexity="1">
              <lines>
                <line number="12" hits="72" branch="False" />
              </lines>
            </method>
            <method name="get_Secret" signature="()" line-rate="1" branch-rate="1" complexity="1">
              <lines>
                <line number="13" hits="82" branch="False" />
              </lines>
            </method>
            <method name="get_DisplayName" signature="()" line-rate="1" branch-rate="1" complexity="2">
              <lines>
                <line number="15" hits="65" branch="True" condition-coverage="100% (2/2)">
                  <conditions>
                    <condition number="6" type="jump" coverage="100%" />
                  </conditions>
                </line>
              </lines>
            </method>
            <method name=".ctor" signature="(OcrLineTool.OcrProvider,System.String,System.String,System.String)" line-rate="1" branch-rate="1" complexity="1">
              <lines>
                <line number="9" hits="11" branch="False" />
              </lines>
            </method>
          </methods>
          <lines>
            <line number="10" hits="253" branch="False" />
            <line number="11" hits="247" branch="False" />
            <line number="12" hits="72" branch="False" />
            <line number="13" hits="82" branch="False" />
            <line number="15" hits="65" branch="True" condition-coverage="100% (2/2)">
              <conditions>
                <condition number="6" type="jump" coverage="100%" />
              </conditions>
            </line>
            <line number="9" hits="11" branch="False" />
          </lines>
        </class>
        <class name="OcrLineTool.CredentialSchedule" filename="CredentialSchedule.cs" line-rate="0.9661" branch-rate="0.75" complexity="24">
          <methods>
            <method name="TodayInBeijing" signature="()" line-rate="1" branch-rate="1" complexity="1">
              <lines>
                <line number="37" hits="104" branch="False" />
              </lines>
            </method>
            <method name="Today" signature="()" line-rate="1" branch-rate="1" complexity="1">
              <lines>
                <line number="39" hits="1" branch="False" />
              </lines>
            </method>
            <method name="IssueForDate" signature="(System.DateOnly)" line-rate="1" branch-rate="1" complexity="1">
              <lines>
                <line number="41" hits="106" branch="False" />
              </lines>
            </method>
            <method name="ForSlot" signature="(System.Int32)" line-rate="1" branch-rate="1" complexity="6">
              <lines>
                <line number="44" hits="104" branch="False" />
                <line number="45" hits="104" branch="True" condition-coverage="100% (2/2)">
                  <conditions>
                    <condition number="18" type="jump" coverage="100%" />
                  </conditions>
                </line>
                <line number="46" hits="2" branch="False" />
                <line number="47" hits="102" branch="False" />
                <line number="48" hits="102" branch="True" condition-coverage="100% (2/2)">
                  <conditions>
                    <condition number="57" type="jump" coverage="100%" />
                  </conditions>
                </line>
                <line number="49" hits="34" branch="False" />
                <line number="51" hits="68" branch="True" condition-coverage="100% (2/2)">
                  <conditions>
                    <condition number="69" type="jump" coverage="100%" />
                  </conditions>
                </line>
                <line number="52" hits="68" branch="False" />
                <line number="53" hits="68" branch="False" />
                <line number="54" hits="68" branch="False" />
                <line number="55" hits="68" branch="False" />
                <line number="56" hits="68" branch="False" />
                <line number="57" hits="68" branch="False" />
                <line number="58" hits="68" branch="False" />
                <line number="59" hits="68" branch="False" />
                <line number="60" hits="68" branch="False" />
                <line number="61" hits="68" branch="False" />
                <line number="62" hits="102" branch="False" />
              </lines>
            </method>
            <method name="FallbackFor" signature="(OcrLineTool.OcrCredential)" line-rate="0.8571" branch-rate="0.75" complexity="4">
              <lines>
                <line number="65" hits="9" branch="False" />
                <line number="66" hits="9" branch="False" />
                <line number="67" hits="53" branch="True" condition-coverage="100% (2/2)">
                  <conditions>
                    <condition number="17" type="jump" coverage="100%" />
                  </conditions>
                </line>
                <line number="68" hits="9" branch="True" condition-coverage="50% (1/2)">
                  <conditions>
                    <condition number="43" type="jump" coverage="50%" />
                  </conditions>
                </line>
                <line number="69" hits="0" branch="False" />
                <line number="70" hits="9" branch="False" />
                <line number="71" hits="9" branch="False" />
              </lines>
            </method>
            <method name="RotationFrom" signature="(OcrLineTool.OcrCredential)" line-rate="0.8887999999999999" branch-rate="0.5" complexity="4">
              <lines>
                <line number="74" hits="1" branch="False" />
                <line number="75" hits="1" branch="False" />
                <line number="76" hits="4" branch="True" condition-coverage="50% (1/2)">
                  <conditions>
                    <condition number="17" type="jump" coverage="50%" />
                  </conditions>
                </line>
                <line number="77" hits="1" branch="True" condition-coverage="50% (1/2)">
                  <conditions>
                    <condition number="53" type="jump" coverage="50%" />
                  </conditions>
                </line>
                <line number="78" hits="0" branch="False" />
                <line number="80" hits="1" branch="False" />
                <line number="81" hits="8" branch="False" />
                <line number="82" hits="1" branch="False" />
                <line number="83" hits="1" branch="False" />
              </lines>
            </method>
            <method name="ForDate" signature="(System.DateOnly)" line-rate="1" branch-rate="1" complexity="2">
              <lines>
                <line number="86" hits="65" branch="False" />
                <line number="87" hits="65" branch="False" />
                <line number="88" hits="65" branch="True" condition-coverage="100% (2/2)">
                  <conditions>
                    <condition number="34" type="jump" coverage="100%" />
                  </conditions>
                </line>
                <line number="89" hits="1" branch="False" />
                <line number="90" hits="65" branch="False" />
                <line number="91" hits="65" branch="False" />
              </lines>
            </method>
            <method name="ReadUserSecret" signature="(System.String)" line-rate="1" branch-rate="0.5" complexity="4">
              <lines>
                <line number="94" hits="136" branch="True" condition-coverage="50% (2/4)">
                  <conditions>
                    <condition number="7" type="jump" coverage="50%" />
                    <condition number="18" type="jump" coverage="50%" />
                  </conditions>
                </line>
                <line number="95" hits="136" branch="False" />
                <line number="96" hits="136" branch="False" />
              </lines>
            </method>
            <method name=".cctor" signature="()" line-rate="1" branch-rate="1" complexity="1">
              <lines>
                <line number="20" hits="1" branch="False" />
                <line number="22" hits="1" branch="False" />
                <line number="24" hits="1" branch="False" />
                <line number="25" hits="1" branch="False" />
                <line number="26" hits="1" branch="False" />
                <line number="27" hits="1" branch="False" />
                <line number="28" hits="1" branch="False" />
                <line number="29" hits="1" branch="False" />
                <line number="30" hits="1" branch="False" />
                <line number="31" hits="1" branch="False" />
                <line number="32" hits="1" branch="False" />
                <line number="33" hits="1" branch="False" />
                <line number="34" hits="1" branch="False" />
              </lines>
            </method>
          </methods>
          <lines>
            <line number="37" hits="104" branch="False" />
            <line number="39" hits="1" branch="False" />
            <line number="41" hits="106" branch="False" />
            <line number="44" hits="104" branch="False" />
            <line number="45" hits="104" branch="True" condition-coverage="100% (2/2)">
              <conditions>
                <condition number="18" type="jump" coverage="100%" />
              </conditions>
            </line>
            <line number="46" hits="2" branch="False" />
            <line number="47" hits="102" branch="False" />
            <line number="48" hits="102" branch="True" condition-coverage="100% (2/2)">
              <conditions>
                <condition number="57" type="jump" coverage="100%" />
              </conditions>
            </line>
            <line number="49" hits="34" branch="False" />
            <line number="51" hits="68" branch="True" condition-coverage="100% (2/2)">
              <conditions>
                <condition number="69" type="jump" coverage="100%" />
              </conditions>
            </line>
            <line number="52" hits="68" branch="False" />
            <line number="53" hits="68" branch="False" />
            <line number="54" hits="68" branch="False" />
            <line number="55" hits="68" branch="False" />
            <line number="56" hits="68" branch="False" />
            <line number="57" hits="68" branch="False" />
            <line number="58" hits="68" branch="False" />
            <line number="59" hits="68" branch="False" />
            <line number="60" hits="68" branch="False" />
            <line number="61" hits="68" branch="False" />
            <line number="62" hits="102" branch="False" />
            <line number="65" hits="9" branch="False" />
            <line number="66" hits="9" branch="False" />
            <line number="67" hits="53" branch="True" condition-coverage="100% (2/2)">
              <conditions>
                <condition number="17" type="jump" coverage="100%" />
              </conditions>
            </line>
            <line number="68" hits="9" branch="True" condition-coverage="50% (1/2)">
              <conditions>
                <condition number="43" type="jump" coverage="50%" />
              </conditions>
            </line>
            <line number="69" hits="0" branch="False" />
            <line number="70" hits="9" branch="False" />
            <line number="71" hits="9" branch="False" />
            <line number="74" hits="1" branch="False" />
            <line number="75" hits="1" branch="False" />
            <line number="76" hits="4" branch="True" condition-coverage="50% (1/2)">
              <conditions>
                <condition number="17" type="jump" coverage="50%" />
              </conditions>
            </line>
            <line number="77" hits="1" branch="True" condition-coverage="50% (1/2)">
              <conditions>
                <condition number="53" type="jump" coverage="50%" />
              </conditions>
            </line>
            <line number="78" hits="0" branch="False" />
            <line number="80" hits="1" branch="False" />
            <line number="81" hits="8" branch="False" />
            <line number="82" hits="1" branch="False" />
            <line number="83" hits="1" branch="False" />
            <line number="86" hits="65" branch="False" />
            <line number="87" hits="65" branch="False" />
            <line number="88" hits="65" branch="True" condition-coverage="100% (2/2)">
              <conditions>
                <condition number="34" type="jump" coverage="100%" />
              </conditions>
            </line>
            <line number="89" hits="1" branch="False" />
            <line number="90" hits="65" branch="False" />
            <line number="91" hits="65" branch="False" />
            <line number="94" hits="136" branch="True" condition-coverage="50% (2/4)">
              <conditions>
                <condition number="7" type="jump" coverage="50%" />
                <condition number="18" type="jump" coverage="50%" />
              </conditions>
            </line>
            <line number="95" hits="136" branch="False" />
            <line number="96" hits="136" branch="False" />
            <line number="20" hits="1" branch="False" />
            <line number="22" hits="1" branch="False" />
            <line number="24" hits="1" branch="False" />
            <line number="25" hits="1" branch="False" />
            <line number="26" hits="1" branch="False" />
            <line number="27" hits="1" branch="False" />
            <line number="28" hits="1" branch="False" />
            <line number="29" hits="1" branch="False" />
            <line number="30" hits="1" branch="False" />
            <line number="31" hits="1" branch="False" />
            <line number="32" hits="1" branch="False" />
            <line number="33" hits="1" branch="False" />
            <line number="34" hits="1" branch="False" />
          </lines>
        </class>
        <class name="OcrLineTool.GroupResultFormatter" filename="GroupResultFormatter.cs" line-rate="0.862" branch-rate="0.7857" complexity="71">
          <methods>
            <method name="Format" signature="(System.Collections.Generic.IEnumerable`1&lt;OcrLineTool.OcrRule&gt;,System.Collections.Generic.IEnumerable`1&lt;System.String&gt;)" line-rate="1" branch-rate="1" complexity="18">
              <lines>
                <line number="11" hits="4" branch="False" />
                <line number="12" hits="4" branch="False" />
                <line number="13" hits="8" branch="False" />
                <line number="14" hits="4" branch="False" />
                <line number="15" hits="4" branch="False" />
                <line number="16" hits="124" branch="False" />
                <line number="18" hits="30" branch="True" condition-coverage="100% (2/2)">
                  <conditions>
                    <condition number="275" type="jump" coverage="100%" />
                  </conditions>
                </line>
                <line number="19" hits="16" branch="True" condition-coverage="100% (6/6)">
                  <conditions>
                    <condition number="6" type="jump" coverage="100%" />
                    <condition number="19" type="jump" coverage="100%" />
                    <condition number="33" type="jump" coverage="100%" />
                  </conditions>
                </line>
                <line number="20" hits="16" branch="False" />
                <line number="21" hits="9" branch="False" />
                <line number="22" hits="9" branch="False" />
                <line number="23" hits="28" branch="True" condition-coverage="100% (2/2)">
                  <conditions>
                    <condition number="18" type="jump" coverage="100%" />
                  </conditions>
                </line>
                <line number="24" hits="28" branch="False" />
                <line number="25" hits="9" branch="True" condition-coverage="100% (2/2)">
                  <conditions>
                    <condition number="229" type="jump" coverage="100%" />
                  </conditions>
                </line>
                <line number="26" hits="9" branch="False" />
                <line number="28" hits="4" branch="False" />
                <line number="29" hits="90" branch="True" condition-coverage="100% (4/4)">
                  <conditions>
                    <condition number="309" type="jump" coverage="100%" />
                    <condition number="438" type="jump" coverage="100%" />
                  </conditions>
                </line>
                <line number="30" hits="9" branch="False" />
                <line number="31" hits="9" branch="True" condition-coverage="100% (2/2)">
                  <conditions>
                    <condition number="372" type="jump" coverage="100%" />
                  </conditions>
                </line>
                <line number="32" hits="5" branch="False" />
                <line number="33" hits="9" branch="False" />
                <line number="34" hits="9" branch="False" />
                <line number="35" hits="9" branch="False" />
                <line number="36" hits="4" branch="False" />
                <line number="37" hits="4" branch="False" />
              </lines>
            </method>
            <method name="CategoryFor" signature="(System.String)" line-rate="0.7241" branch-rate="0.7115" complexity="52">
              <lines>
                <line number="40" hits="8" branch="False" />
                <line number="41" hits="8" branch="True" condition-coverage="50% (4/8)">
                  <conditions>
                    <condition number="12" type="jump" coverage="50%" />
                    <condition number="25" type="jump" coverage="50%" />
                    <condition number="38" type="jump" coverage="50%" />
                    <condition number="51" type="jump" coverage="50%" />
                  </conditions>
                </line>
                <line number="42" hits="0" branch="False" />
                <line number="43" hits="8" branch="True" condition-coverage="100% (8/8)">
                  <conditions>
                    <condition number="75" type="jump" coverage="100%" />
                    <condition number="88" type="jump" coverage="100%" />
                    <condition number="101" type="jump" coverage="100%" />
                    <condition number="116" type="jump" coverage="100%" />
                  </conditions>
                </line>
                <line number="44" hits="1" branch="False" />
                <line number="45" hits="7" branch="True" condition-coverage="50% (1/2)">
                  <conditions>
                    <condition number="144" type="jump" coverage="50%" />
                  </conditions>
                </line>
                <line number="46" hits="0" branch="False" />
                <line number="47" hits="7" branch="True" condition-coverage="50% (1/2)">
                  <conditions>
                    <condition number="172" type="jump" coverage="50%" />
                  </conditions>
                </line>
                <line number="48" hits="0" branch="False" />
                <line number="49" hits="7" branch="True" condition-coverage="50% (1/2)">
                  <conditions>
                    <condition number="200" type="jump" coverage="50%" />
                  </conditions>
                </line>
                <line number="50" hits="0" branch="False" />
                <line number="51" hits="7" branch="True" condition-coverage="100% (8/8)">
                  <conditions>
                    <condition number="224" type="jump" coverage="100%" />
                    <condition number="237" type="jump" coverage="100%" />
                    <condition number="250" type="jump" coverage="100%" />
                    <condition number="265" type="jump" coverage="100%" />
                  </conditions>
                </line>
                <line number="52" hits="3" branch="False" />
                <line number="53" hits="4" branch="True" condition-coverage="50% (1/2)">
                  <conditions>
                    <condition number="293" type="jump" coverage="50%" />
                  </conditions>
                </line>
                <line number="54" hits="0" branch="False" />
                <line number="55" hits="4" branch="True" condition-coverage="100% (2/2)">
                  <conditions>
                    <condition number="321" type="jump" coverage="100%" />
                  </conditions>
                </line>
                <line number="56" hits="1" branch="False" />
                <line number="57" hits="3" branch="True" condition-coverage="50% (3/6)">
                  <conditions>
                    <condition number="345" type="jump" coverage="50%" />
                    <condition number="358" type="jump" coverage="50%" />
                    <condition number="373" type="jump" coverage="50%" />
                  </conditions>
                </line>
                <line number="58" hits="0" branch="False" />
                <line number="59" hits="3" branch="True" condition-coverage="100% (2/2)">
                  <conditions>
                    <condition number="401" type="jump" coverage="100%" />
                  </conditions>
                </line>
                <line number="60" hits="1" branch="False" />
                <line number="61" hits="2" branch="True" condition-coverage="50% (1/2)">
                  <conditions>
                    <condition number="426" type="jump" coverage="50%" />
                  </conditions>
                </line>
                <line number="62" hits="0" branch="False" />
                <line number="63" hits="2" branch="True" condition-coverage="50% (2/4)">
                  <conditions>
                    <condition number="448" type="jump" coverage="50%" />
                    <condition number="480" type="jump" coverage="50%" />
                  </conditions>
                </line>
                <line number="64" hits="2" branch="False" />
                <line number="65" hits="2" branch="False" />
                <line number="66" hits="2" branch="True" condition-coverage="75% (3/4)">
                  <conditions>
                    <condition number="486" type="jump" coverage="100%" />
                    <condition number="490" type="jump" coverage="50%" />
                  </conditions>
                </line>
                <line number="68" hits="0" branch="False" />
                <line number="69" hits="8" branch="False" />
              </lines>
            </method>
            <method name=".cctor" signature="()" line-rate="1" branch-rate="1" complexity="1">
              <lines>
                <line number="5" hits="1" branch="False" />
                <line number="6" hits="1" branch="False" />
                <line number="7" hits="1" branch="False" />
                <line number="8" hits="16" branch="False" />
              </lines>
            </method>
          </methods>
          <lines>
            <line number="11" hits="4" branch="False" />
            <line number="12" hits="4" branch="False" />
            <line number="13" hits="8" branch="False" />
            <line number="14" hits="4" branch="False" />
            <line number="15" hits="4" branch="False" />
            <line number="16" hits="124" branch="False" />
            <line number="18" hits="30" branch="True" condition-coverage="100% (2/2)">
              <conditions>
                <condition number="275" type="jump" coverage="100%" />
              </conditions>
            </line>
            <line number="19" hits="16" branch="True" condition-coverage="100% (6/6)">
              <conditions>
                <condition number="6" type="jump" coverage="100%" />
                <condition number="19" type="jump" coverage="100%" />
                <condition number="33" type="jump" coverage="100%" />
              </conditions>
            </line>
            <line number="20" hits="16" branch="False" />
            <line number="21" hits="9" branch="False" />
            <line number="22" hits="9" branch="False" />
            <line number="23" hits="28" branch="True" condition-coverage="100% (2/2)">
              <conditions>
                <condition number="18" type="jump" coverage="100%" />
              </conditions>
            </line>
            <line number="24" hits="28" branch="False" />
            <line number="25" hits="9" branch="True" condition-coverage="100% (2/2)">
              <conditions>
                <condition number="229" type="jump" coverage="100%" />
              </conditions>
            </line>
            <line number="26" hits="9" branch="False" />
            <line number="28" hits="4" branch="False" />
            <line number="29" hits="90" branch="True" condition-coverage="100% (4/4)">
              <conditions>
                <condition number="309" type="jump" coverage="100%" />
                <condition number="438" type="jump" coverage="100%" />
              </conditions>
            </line>
            <line number="30" hits="9" branch="False" />
            <line number="31" hits="9" branch="True" condition-coverage="100% (2/2)">
              <conditions>
                <condition number="372" type="jump" coverage="100%" />
              </conditions>
            </line>
            <line number="32" hits="5" branch="False" />
            <line number="33" hits="9" branch="False" />
            <line number="34" hits="9" branch="False" />
            <line number="35" hits="9" branch="False" />
            <line number="36" hits="4" branch="False" />
            <line number="37" hits="4" branch="False" />
            <line number="40" hits="8" branch="False" />
            <line number="41" hits="8" branch="True" condition-coverage="50% (4/8)">
              <conditions>
                <condition number="12" type="jump" coverage="50%" />
                <condition number="25" type="jump" coverage="50%" />
                <condition number="38" type="jump" coverage="50%" />
                <condition number="51" type="jump" coverage="50%" />
              </conditions>
            </line>
            <line number="42" hits="0" branch="False" />
            <line number="43" hits="8" branch="True" condition-coverage="100% (8/8)">
              <conditions>
                <condition number="75" type="jump" coverage="100%" />
                <condition number="88" type="jump" coverage="100%" />
                <condition number="101" type="jump" coverage="100%" />
                <condition number="116" type="jump" coverage="100%" />
              </conditions>
            </line>
            <line number="44" hits="1" branch="False" />
            <line number="45" hits="7" branch="True" condition-coverage="50% (1/2)">
              <conditions>
                <condition number="144" type="jump" coverage="50%" />
              </conditions>
            </line>
            <line number="46" hits="0" branch="False" />
            <line number="47" hits="7" branch="True" condition-coverage="50% (1/2)">
              <conditions>
                <condition number="172" type="jump" coverage="50%" />
              </conditions>
            </line>
            <line number="48" hits="0" branch="False" />
            <line number="49" hits="7" branch="True" condition-coverage="50% (1/2)">
              <conditions>
                <condition number="200" type="jump" coverage="50%" />
              </conditions>
            </line>
            <line number="50" hits="0" branch="False" />
            <line number="51" hits="7" branch="True" condition-coverage="100% (8/8)">
              <conditions>
                <condition number="224" type="jump" coverage="100%" />
                <condition number="237" type="jump" coverage="100%" />
                <condition number="250" type="jump" coverage="100%" />
                <condition number="265" type="jump" coverage="100%" />
              </conditions>
            </line>
            <line number="52" hits="3" branch="False" />
            <line number="53" hits="4" branch="True" condition-coverage="50% (1/2)">
              <conditions>
                <condition number="293" type="jump" coverage="50%" />
              </conditions>
            </line>
            <line number="54" hits="0" branch="False" />
            <line number="55" hits="4" branch="True" condition-coverage="100% (2/2)">
              <conditions>
                <condition number="321" type="jump" coverage="100%" />
              </conditions>
            </line>
            <line number="56" hits="1" branch="False" />
            <line number="57" hits="3" branch="True" condition-coverage="50% (3/6)">
              <conditions>
                <condition number="345" type="jump" coverage="50%" />
                <condition number="358" type="jump" coverage="50%" />
                <condition number="373" type="jump" coverage="50%" />
              </conditions>
            </line>
            <line number="58" hits="0" branch="False" />
            <line number="59" hits="3" branch="True" condition-coverage="100% (2/2)">
              <conditions>
                <condition number="401" type="jump" coverage="100%" />
              </conditions>
            </line>
            <line number="60" hits="1" branch="False" />
            <line number="61" hits="2" branch="True" condition-coverage="50% (1/2)">
              <conditions>
                <condition number="426" type="jump" coverage="50%" />
              </conditions>
            </line>
            <line number="62" hits="0" branch="False" />
            <line number="63" hits="2" branch="True" condition-coverage="50% (2/4)">
              <conditions>
                <condition number="448" type="jump" coverage="50%" />
                <condition number="480" type="jump" coverage="50%" />
              </conditions>
            </line>
            <line number="64" hits="2" branch="False" />
            <line number="65" hits="2" branch="False" />
            <line number="66" hits="2" branch="True" condition-coverage="75% (3/4)">
              <conditions>
                <condition number="486" type="jump" coverage="100%" />
                <condition number="490" type="jump" coverage="50%" />
              </conditions>
            </line>
            <line number="68" hits="0" branch="False" />
            <line number="69" hits="8" branch="False" />
            <line number="5" hits="1" branch="False" />
            <line number="6" hits="1" branch="False" />
            <line number="7" hits="1" branch="False" />
            <line number="8" hits="16" branch="False" />
          </lines>
        </class>
        <class name="OcrLineTool.DeleteImagesResult" filename="ImageFolderCleaner.cs" line-rate="1" branch-rate="1" complexity="1">
          <methods>
            <method name="get_Deleted" signature="()" line-rate="1" branch-rate="1" complexity="1">
              <lines>
                <line number="5" hits="4" branch="False" />
              </lines>
            </method>
          </methods>
          <lines>
            <line number="5" hits="4" branch="False" />
          </lines>
        </class>
        <class name="OcrLineTool.ImageFolderCleaner" filename="ImageFolderCleaner.cs" line-rate="1" branch-rate="0.75" complexity="4">
          <methods>
            <method name="DeleteImages" signature="(System.String,System.Action`1&lt;System.String&gt;)" line-rate="1" branch-rate="0.75" complexity="4">
              <lines>
                <line number="10" hits="2" branch="False" />
                <line number="11" hits="2" branch="True" condition-coverage="50% (1/2)">
                  <conditions>
                    <condition number="2" type="jump" coverage="50%" />
                  </conditions>
                </line>
                <line number="12" hits="2" branch="False" />
                <line number="13" hits="2" branch="False" />
                <line number="14" hits="2" branch="False" />
                <line number="16" hits="2" branch="False" />
                <line number="17" hits="2" branch="False" />
                <line number="18" hits="14" branch="True" condition-coverage="100% (2/2)">
                  <conditions>
                    <condition number="147" type="jump" coverage="100%" />
                  </conditions>
                </line>
                <line number="19" hits="4" branch="False" />
                <line number="21" hits="4" branch="False" />
                <line number="22" hits="4" branch="False" />
                <line number="23" hits="3" branch="False" />
                <line number="24" hits="3" branch="False" />
                <line number="25" hits="1" branch="False" />
                <line number="26" hits="1" branch="False" />
                <line number="27" hits="1" branch="False" />
                <line number="28" hits="1" branch="False" />
                <line number="29" hits="4" branch="False" />
                <line number="30" hits="2" branch="False" />
                <line number="31" hits="2" branch="False" />
              </lines>
            </method>
          </methods>
          <lines>
            <line number="10" hits="2" branch="False" />
            <line number="11" hits="2" branch="True" condition-coverage="50% (1/2)">
              <conditions>
                <condition number="2" type="jump" coverage="50%" />
              </conditions>
            </line>
            <line number="12" hits="2" branch="False" />
            <line number="13" hits="2" branch="False" />
            <line number="14" hits="2" branch="False" />
            <line number="16" hits="2" branch="False" />
            <line number="17" hits="2" branch="False" />
            <line number="18" hits="14" branch="True" condition-coverage="100% (2/2)">
              <conditions>
                <condition number="147" type="jump" coverage="100%" />
              </conditions>
            </line>
            <line number="19" hits="4" branch="False" />
            <line number="21" hits="4" branch="False" />
            <line number="22" hits="4" branch="False" />
            <line number="23" hits="3" branch="False" />
            <line number="24" hits="3" branch="False" />
            <line number="25" hits="1" branch="False" />
            <line number="26" hits="1" branch="False" />
            <line number="27" hits="1" branch="False" />
            <line number="28" hits="1" branch="False" />
            <line number="29" hits="4" branch="False" />
            <line number="30" hits="2" branch="False" />
            <line number="31" hits="2" branch="False" />
          </lines>
        </class>
        <class name="OcrLineTool.ImageFolderScanner" filename="ImageFolderScanner.cs" line-rate="1" branch-rate="1" complexity="6">
          <methods>
            <method name="Scan" signature="(System.String)" line-rate="1" branch-rate="1" complexity="2">
              <lines>
                <line number="11" hits="7" branch="False" />
                <line number="12" hits="7" branch="True" condition-coverage="100% (2/2)">
                  <conditions>
                    <condition number="12" type="jump" coverage="100%" />
                  </conditions>
                </line>
                <line number="13" hits="1" branch="False" />
                <line number="15" hits="6" branch="False" />
                <line number="16" hits="11" branch="False" />
                <line number="17" hits="9" branch="False" />
                <line number="18" hits="6" branch="False" />
                <line number="19" hits="6" branch="False" />
              </lines>
            </method>
            <method name="ListSubfolders" signature="(System.String)" line-rate="1" branch-rate="1" complexity="2">
              <lines>
                <line number="22" hits="59" branch="False" />
                <line number="23" hits="59" branch="True" condition-coverage="100% (2/2)">
                  <conditions>
                    <condition number="12" type="jump" coverage="100%" />
                  </conditions>
                </line>
                <line number="24" hits="6" branch="False" />
                <line number="26" hits="53" branch="False" />
                <line number="27" hits="53" branch="False" />
                <line number="28" hits="53" branch="False" />
                <line number="29" hits="53" branch="False" />
              </lines>
            </method>
            <method name="IsSubfolder" signature="(System.String,System.String)" line-rate="1" branch-rate="1" complexity="1">
              <lines>
                <line number="32" hits="5" branch="False" />
                <line number="33" hits="5" branch="False" />
                <line number="34" hits="5" branch="False" />
                <line number="35" hits="5" branch="False" />
                <line number="36" hits="5" branch="False" />
                <line number="37" hits="5" branch="False" />
              </lines>
            </method>
            <method name=".cctor" signature="()" line-rate="1" branch-rate="1" complexity="1">
              <lines>
                <line number="5" hits="1" branch="False" />
                <line number="6" hits="1" branch="False" />
                <line number="7" hits="1" branch="False" />
                <line number="8" hits="1" branch="False" />
              </lines>
            </method>
          </methods>
          <lines>
            <line number="11" hits="7" branch="False" />
            <line number="12" hits="7" branch="True" condition-coverage="100% (2/2)">
              <conditions>
                <condition number="12" type="jump" coverage="100%" />
              </conditions>
            </line>
            <line number="13" hits="1" branch="False" />
            <line number="15" hits="6" branch="False" />
            <line number="16" hits="11" branch="False" />
            <line number="17" hits="9" branch="False" />
            <line number="18" hits="6" branch="False" />
            <line number="19" hits="6" branch="False" />
            <line number="22" hits="59" branch="False" />
            <line number="23" hits="59" branch="True" condition-coverage="100% (2/2)">
              <conditions>
                <condition number="12" type="jump" coverage="100%" />
              </conditions>
            </line>
            <line number="24" hits="6" branch="False" />
            <line number="26" hits="53" branch="False" />
            <line number="27" hits="53" branch="False" />
            <line number="28" hits="53" branch="False" />
            <line number="29" hits="53" branch="False" />
            <line number="32" hits="5" branch="False" />
            <line number="33" hits="5" branch="False" />
            <line number="34" hits="5" branch="False" />
            <line number="35" hits="5" branch="False" />
            <line number="36" hits="5" branch="False" />
            <line number="37" hits="5" branch="False" />
            <line number="5" hits="1" branch="False" />
            <line number="6" hits="1" branch="False" />
            <line number="7" hits="1" branch="False" />
            <line number="8" hits="1" branch="False" />
          </lines>
        </class>
        <class name="OcrLineTool.LineExtractor" filename="LineExtractor.cs" line-rate="1" branch-rate="1" complexity="4">
          <methods>
            <method name="Extract" signature="(System.Collections.Generic.IEnumerable`1&lt;System.String&gt;,System.Int32)" line-rate="1" branch-rate="1" complexity="4">
              <lines>
                <line number="8" hits="8" branch="False" />
                <line number="9" hits="8" branch="False" />
                <line number="10" hits="6" branch="False" />
                <line number="12" hits="30" branch="True" condition-coverage="100% (2/2)">
                  <conditions>
                    <condition number="238" type="jump" coverage="100%" />
                  </conditions>
                </line>
                <line number="13" hits="8" branch="False" />
                <line number="14" hits="8" branch="False" />
                <line number="15" hits="8" branch="True" condition-coverage="100% (2/2)">
                  <conditions>
                    <condition number="117" type="jump" coverage="100%" />
                  </conditions>
                </line>
                <line number="16" hits="4" branch="False" />
                <line number="17" hits="4" branch="False" />
                <line number="18" hits="4" branch="False" />
                <line number="19" hits="4" branch="False" />
                <line number="20" hits="4" branch="False" />
                <line number="22" hits="2" branch="False" />
                <line number="23" hits="6" branch="False" />
              </lines>
            </method>
          </methods>
          <lines>
            <line number="8" hits="8" branch="False" />
            <line number="9" hits="8" branch="False" />
            <line number="10" hits="6" branch="False" />
            <line number="12" hits="30" branch="True" condition-coverage="100% (2/2)">
              <conditions>
                <condition number="238" type="jump" coverage="100%" />
              </conditions>
            </line>
            <line number="13" hits="8" branch="False" />
            <line number="14" hits="8" branch="False" />
            <line number="15" hits="8" branch="True" condition-coverage="100% (2/2)">
              <conditions>
                <condition number="117" type="jump" coverage="100%" />
              </conditions>
            </line>
            <line number="16" hits="4" branch="False" />
            <line number="17" hits="4" branch="False" />
            <line number="18" hits="4" branch="False" />
            <line number="19" hits="4" branch="False" />
            <line number="20" hits="4" branch="False" />
            <line number="22" hits="2" branch="False" />
            <line number="23" hits="6" branch="False" />
          </lines>
        </class>
        <class name="OcrLineTool.LocalCandidatePlan" filename="LocalCandidatePlanner.cs" line-rate="1" branch-rate="1" complexity="4">
          <methods>
            <method name="get_Path" signature="()" line-rate="1" branch-rate="1" complexity="1">
              <lines>
                <line number="4" hits="22" branch="False" />
              </lines>
            </method>
            <method name="get_Rules" signature="()" line-rate="1" branch-rate="1" complexity="1">
              <lines>
                <line number="5" hits="18" branch="False" />
              </lines>
            </method>
            <method name="get_IsPrimary" signature="()" line-rate="1" branch-rate="1" complexity="1">
              <lines>
                <line number="6" hits="60" branch="False" />
              </lines>
            </method>
            <method name=".ctor" signature="(System.String,System.Collections.Generic.IReadOnlyList`1&lt;OcrLineTool.OcrRule&gt;,System.Boolean)" line-rate="1" branch-rate="1" complexity="1">
              <lines>
                <line number="3" hits="28" branch="False" />
              </lines>
            </method>
          </methods>
          <lines>
            <line number="4" hits="22" branch="False" />
            <line number="5" hits="18" branch="False" />
            <line number="6" hits="60" branch="False" />
            <line number="3" hits="28" branch="False" />
          </lines>
        </class>
        <class name="OcrLineTool.LocalCandidatePlanner" filename="LocalCandidatePlanner.cs" line-rate="0.9884999999999999" branch-rate="0.9444" complexity="54">
          <methods>
            <method name="Build" signature="(System.Collections.Generic.IReadOnlyList`1&lt;System.String&gt;,System.Collections.Generic.IReadOnlyDictionary`2&lt;System.String,System.Collections.Generic.IReadOnlyList`1&lt;System.String&gt;&gt;,System.Collections.Generic.IReadOnlyList`1&lt;OcrLineTool.OcrRule&gt;)" line-rate="0.9884999999999999" branch-rate="0.9444" complexity="54">
              <lines>
                <line number="14" hits="17" branch="False" />
                <line number="15" hits="17" branch="False" />
                <line number="16" hits="109" branch="True" condition-coverage="100% (2/2)">
                  <conditions>
                    <condition number="432" type="jump" coverage="100%" />
                  </conditions>
                </line>
                <line number="17" hits="29" branch="False" />
                <line number="18" hits="29" branch="True" condition-coverage="100% (2/2)">
                  <conditions>
                    <condition number="69" type="jump" coverage="100%" />
                  </conditions>
                </line>
                <line number="19" hits="0" branch="False" />
                <line number="21" hits="29" branch="False" />
                <line number="22" hits="21" branch="False" />
                <line number="23" hits="29" branch="False" />
                <line number="24" hits="29" branch="False" />
                <line number="25" hits="29" branch="False" />
                <line number="28" hits="29" branch="True" condition-coverage="100% (2/2)">
                  <conditions>
                    <condition number="164" type="jump" coverage="100%" />
                  </conditions>
                </line>
                <line number="29" hits="8" branch="False" />
                <line number="30" hits="8" branch="False" />
                <line number="31" hits="11" branch="True" condition-coverage="87.5% (7/8)">
                  <conditions>
                    <condition number="18" type="jump" coverage="100%" />
                    <condition number="31" type="jump" coverage="100%" />
                    <condition number="44" type="jump" coverage="100%" />
                    <condition number="57" type="jump" coverage="50%" />
                  </conditions>
                </line>
                <line number="32" hits="11" branch="True" condition-coverage="83.33% (5/6)">
                  <conditions>
                    <condition number="16" type="jump" coverage="100%" />
                    <condition number="29" type="jump" coverage="100%" />
                    <condition number="48" type="jump" coverage="50%" />
                  </conditions>
                </line>
                <line number="33" hits="11" branch="False" />
                <line number="34" hits="11" branch="False" />
                <line number="35" hits="11" branch="False" />
                <line number="36" hits="14" branch="False" />
                <line number="37" hits="8" branch="False" />
                <line number="38" hits="8" branch="False" />
                <line number="40" hits="153" branch="True" condition-coverage="100% (2/2)">
                  <conditions>
                    <condition number="408" type="jump" coverage="100%" />
                  </conditions>
                </line>
                <line number="41" hits="33" branch="False" />
                <line number="42" hits="33" branch="True" condition-coverage="100% (2/2)">
                  <conditions>
                    <condition number="308" type="jump" coverage="100%" />
                  </conditions>
                </line>
                <line number="43" hits="33" branch="True" condition-coverage="50% (1/2)">
                  <conditions>
                    <condition number="371" type="jump" coverage="50%" />
                  </conditions>
                </line>
                <line number="44" hits="33" branch="False" />
                <line number="45" hits="33" branch="False" />
                <line number="46" hits="33" branch="False" />
                <line number="47" hits="33" branch="False" />
                <line number="48" hits="33" branch="False" />
                <line number="49" hits="33" branch="False" />
                <line number="50" hits="33" branch="False" />
                <line number="51" hits="33" branch="False" />
                <line number="52" hits="29" branch="False" />
                <line number="54" hits="17" branch="False" />
                <line number="55" hits="17" branch="False" />
                <line number="56" hits="45" branch="False" />
                <line number="57" hits="107" branch="False" />
                <line number="58" hits="141" branch="True" condition-coverage="100% (2/2)">
                  <conditions>
                    <condition number="1042" type="jump" coverage="100%" />
                  </conditions>
                </line>
                <line number="59" hits="45" branch="False" />
                <line number="60" hits="45" branch="False" />
                <line number="61" hits="116" branch="False" />
                <line number="62" hits="45" branch="False" />
                <line number="63" hits="45" branch="True" condition-coverage="100% (2/2)">
                  <conditions>
                    <condition number="653" type="jump" coverage="100%" />
                  </conditions>
                </line>
                <line number="64" hits="20" branch="False" />
                <line number="66" hits="58" branch="False" />
                <line number="67" hits="25" branch="True" condition-coverage="100% (2/2)">
                  <conditions>
                    <condition number="728" type="jump" coverage="100%" />
                  </conditions>
                </line>
                <line number="68" hits="4" branch="False" />
                <line number="69" hits="25" branch="False" />
                <line number="70" hits="25" branch="True" condition-coverage="100% (4/4)">
                  <conditions>
                    <condition number="785" type="jump" coverage="100%" />
                    <condition number="790" type="jump" coverage="100%" />
                  </conditions>
                </line>
                <line number="71" hits="25" branch="False" />
                <line number="72" hits="25" branch="False" />
                <line number="73" hits="25" branch="False" />
                <line number="74" hits="30" branch="True" condition-coverage="100% (2/2)">
                  <conditions>
                    <condition number="21" type="jump" coverage="100%" />
                  </conditions>
                </line>
                <line number="75" hits="30" branch="False" />
                <line number="76" hits="30" branch="False" />
                <line number="77" hits="30" branch="False" />
                <line number="78" hits="30" branch="False" />
                <line number="79" hits="25" branch="False" />
                <line number="80" hits="25" branch="False" />
                <line number="81" hits="25" branch="False" />
                <line number="83" hits="17" branch="False" />
                <line number="84" hits="109" branch="True" condition-coverage="100% (2/2)">
                  <conditions>
                    <condition number="1177" type="jump" coverage="100%" />
                  </conditions>
                </line>
                <line number="85" hits="29" branch="False" />
                <line number="86" hits="29" branch="False" />
                <line number="87" hits="85" branch="True" condition-coverage="100% (2/2)">
                  <conditions>
                    <condition number="24" type="jump" coverage="100%" />
                  </conditions>
                </line>
                <line number="88" hits="85" branch="False" />
                <line number="89" hits="29" branch="False" />
                <line number="90" hits="29" branch="True" condition-coverage="100% (2/2)">
                  <conditions>
                    <condition number="1145" type="jump" coverage="100%" />
                  </conditions>
                </line>
                <line number="91" hits="20" branch="False" />
                <line number="92" hits="29" branch="False" />
                <line number="94" hits="109" branch="True" condition-coverage="100% (2/2)">
                  <conditions>
                    <condition number="1439" type="jump" coverage="100%" />
                  </conditions>
                </line>
                <line number="95" hits="29" branch="False" />
                <line number="96" hits="29" branch="True" condition-coverage="100% (2/2)">
                  <conditions>
                    <condition number="1347" type="jump" coverage="100%" />
                  </conditions>
                </line>
                <line number="97" hits="64" branch="True" condition-coverage="100% (4/4)">
                  <conditions>
                    <condition number="18" type="jump" coverage="100%" />
                    <condition number="49" type="jump" coverage="100%" />
                  </conditions>
                </line>
                <line number="98" hits="64" branch="False" />
                <line number="99" hits="64" branch="False" />
                <line number="100" hits="8" branch="False" />
                <line number="101" hits="8" branch="False" />
                <line number="102" hits="8" branch="False" />
                <line number="103" hits="29" branch="False" />
                <line number="104" hits="29" branch="True" condition-coverage="100% (2/2)">
                  <conditions>
                    <condition number="1407" type="jump" coverage="100%" />
                  </conditions>
                </line>
                <line number="105" hits="8" branch="False" />
                <line number="106" hits="29" branch="False" />
                <line number="108" hits="17" branch="False" />
                <line number="109" hits="17" branch="False" />
              </lines>
            </method>
          </methods>
          <lines>
            <line number="14" hits="17" branch="False" />
            <line number="15" hits="17" branch="False" />
            <line number="16" hits="109" branch="True" condition-coverage="100% (2/2)">
              <conditions>
                <condition number="432" type="jump" coverage="100%" />
              </conditions>
            </line>
            <line number="17" hits="29" branch="False" />
            <line number="18" hits="29" branch="True" condition-coverage="100% (2/2)">
              <conditions>
                <condition number="69" type="jump" coverage="100%" />
              </conditions>
            </line>
            <line number="19" hits="0" branch="False" />
            <line number="21" hits="29" branch="False" />
            <line number="22" hits="21" branch="False" />
            <line number="23" hits="29" branch="False" />
            <line number="24" hits="29" branch="False" />
            <line number="25" hits="29" branch="False" />
            <line number="28" hits="29" branch="True" condition-coverage="100% (2/2)">
              <conditions>
                <condition number="164" type="jump" coverage="100%" />
              </conditions>
            </line>
            <line number="29" hits="8" branch="False" />
            <line number="30" hits="8" branch="False" />
            <line number="31" hits="11" branch="True" condition-coverage="87.5% (7/8)">
              <conditions>
                <condition number="18" type="jump" coverage="100%" />
                <condition number="31" type="jump" coverage="100%" />
                <condition number="44" type="jump" coverage="100%" />
                <condition number="57" type="jump" coverage="50%" />
              </conditions>
            </line>
            <line number="32" hits="11" branch="True" condition-coverage="83.33% (5/6)">
              <conditions>
                <condition number="16" type="jump" coverage="100%" />
                <condition number="29" type="jump" coverage="100%" />
                <condition number="48" type="jump" coverage="50%" />
              </conditions>
            </line>
            <line number="33" hits="11" branch="False" />
            <line number="34" hits="11" branch="False" />
            <line number="35" hits="11" branch="False" />
            <line number="36" hits="14" branch="False" />
            <line number="37" hits="8" branch="False" />
            <line number="38" hits="8" branch="False" />
            <line number="40" hits="153" branch="True" condition-coverage="100% (2/2)">
              <conditions>
                <condition number="408" type="jump" coverage="100%" />
              </conditions>
            </line>
            <line number="41" hits="33" branch="False" />
[...]
              </conditions>
            </line>
            <line number="218" hits="6" branch="False" />
            <line number="219" hits="0" branch="False" />
            <line number="221" hits="6" branch="False" />
            <line number="222" hits="6" branch="False" />
            <line number="223" hits="185" branch="True" condition-coverage="100% (2/2)">
              <conditions>
                <condition number="331" type="jump" coverage="100%" />
              </conditions>
            </line>
            <line number="224" hits="84" branch="False" />
            <line number="225" hits="84" branch="False" />
            <line number="226" hits="84" branch="False" />
            <line number="227" hits="84" branch="False" />
            <line number="228" hits="84" branch="True" condition-coverage="100% (2/2)">
              <conditions>
                <condition number="242" type="jump" coverage="100%" />
              </conditions>
            </line>
            <line number="229" hits="1" branch="False" />
            <line number="231" hits="167" branch="True" condition-coverage="100% (4/4)">
              <conditions>
                <condition number="255" type="jump" coverage="100%" />
                <condition number="290" type="jump" coverage="100%" />
              </conditions>
            </line>
            <line number="232" hits="1" branch="False" />
            <line number="234" hits="82" branch="False" />
            <line number="235" hits="82" branch="False" />
            <line number="237" hits="5" branch="True" condition-coverage="100% (2/2)">
              <conditions>
                <condition number="363" type="jump" coverage="100%" />
              </conditions>
            </line>
            <line number="238" hits="6" branch="False" />
            <line number="246" hits="11" branch="False" />
            <line number="247" hits="11" branch="True" condition-coverage="100% (4/4)">
              <conditions>
                <condition number="33" type="jump" coverage="100%" />
                <condition number="51" type="jump" coverage="100%" />
              </conditions>
            </line>
            <line number="248" hits="3" branch="False" />
            <line number="250" hits="18" branch="False" />
            <line number="251" hits="8" branch="False" />
            <line number="252" hits="8" branch="False" />
            <line number="253" hits="8" branch="False" />
            <line number="254" hits="8" branch="False" />
            <line number="255" hits="8" branch="False" />
            <line number="256" hits="15" branch="False" />
            <line number="257" hits="15" branch="False" />
            <line number="258" hits="8" branch="False" />
            <line number="259" hits="15" branch="False" />
            <line number="260" hits="15" branch="False" />
            <line number="261" hits="10" branch="False" />
            <line number="262" hits="12" branch="False" />
            <line number="263" hits="82" branch="False" />
            <line number="264" hits="82" branch="False" />
            <line number="265" hits="10" branch="False" />
            <line number="266" hits="5" branch="False" />
            <line number="267" hits="5" branch="False" />
            <line number="268" hits="5" branch="False" />
            <line number="269" hits="5" branch="False" />
            <line number="270" hits="15" branch="False" />
            <line number="271" hits="15" branch="True" condition-coverage="100% (2/2)">
              <conditions>
                <condition number="228" type="jump" coverage="100%" />
              </conditions>
            </line>
            <line number="272" hits="23" branch="False" />
            <line number="274" hits="8" branch="False" />
            <line number="275" hits="36" branch="True" condition-coverage="100% (2/2)">
              <conditions>
                <condition number="441" type="jump" coverage="100%" />
              </conditions>
            </line>
            <line number="276" hits="10" branch="False" />
            <line number="277" hits="58" branch="True" condition-coverage="100% (2/2)">
              <conditions>
                <condition number="415" type="jump" coverage="100%" />
              </conditions>
            </line>
            <line number="278" hits="19" branch="False" />
            <line number="279" hits="19" branch="True" condition-coverage="100% (2/2)">
              <conditions>
                <condition number="279" type="jump" coverage="100%" />
              </conditions>
            </line>
            <line number="280" hits="19" branch="False" />
            <line number="281" hits="6" branch="False" />
            <line number="283" hits="13" branch="False" />
            <line number="284" hits="13" branch="False" />
            <line number="285" hits="156" branch="True" condition-coverage="100% (2/2)">
              <conditions>
                <condition number="356" type="jump" coverage="100%" />
              </conditions>
            </line>
            <line number="286" hits="65" branch="False" />
            <line number="287" hits="65" branch="False" />
            <line number="288" hits="65" branch="True" condition-coverage="100% (2/2)">
              <conditions>
                <condition number="325" type="jump" coverage="100%" />
              </conditions>
            </line>
            <line number="289" hits="34" branch="False" />
            <line number="290" hits="34" branch="False" />
            <line number="291" hits="34" branch="False" />
            <line number="292" hits="34" branch="False" />
            <line number="293" hits="65" branch="False" />
            <line number="294" hits="13" branch="True" condition-coverage="100% (2/2)">
              <conditions>
                <condition number="370" type="jump" coverage="100%" />
              </conditions>
            </line>
            <line number="295" hits="10" branch="False" />
            <line number="296" hits="13" branch="False" />
            <line number="297" hits="10" branch="False" />
            <line number="299" hits="8" branch="False" />
            <line number="300" hits="8" branch="False" />
            <line number="301" hits="8" branch="False" />
            <line number="302" hits="44" branch="True" condition-coverage="100% (4/4)">
              <conditions>
                <condition number="548" type="jump" coverage="100%" />
                <condition number="724" type="jump" coverage="100%" />
              </conditions>
            </line>
            <line number="303" hits="10" branch="False" />
            <line number="304" hits="10" branch="False" />
            <line number="305" hits="18" branch="False" />
            <line number="306" hits="10" branch="False" />
            <line number="307" hits="10" branch="True" condition-coverage="100% (4/4)">
              <conditions>
                <condition number="617" type="jump" coverage="100%" />
                <condition number="643" type="jump" coverage="100%" />
              </conditions>
            </line>
            <line number="308" hits="1" branch="False" />
            <line number="309" hits="9" branch="False" />
            <line number="310" hits="9" branch="False" />
            <line number="311" hits="9" branch="False" />
            <line number="312" hits="9" branch="False" />
            <line number="313" hits="9" branch="False" />
            <line number="314" hits="9" branch="False" />
            <line number="315" hits="17" branch="False" />
            <line number="316" hits="11" branch="False" />
            <line number="319" hits="6" branch="False" />
            <line number="320" hits="6" branch="False" />
            <line number="321" hits="6" branch="False" />
            <line number="322" hits="6" branch="False" />
            <line number="323" hits="6" branch="True" condition-coverage="100% (2/2)">
              <conditions>
                <condition number="47" type="jump" coverage="100%" />
              </conditions>
            </line>
            <line number="324" hits="6" branch="False" />
            <line number="325" hits="6" branch="False" />
            <line number="326" hits="6" branch="False" />
            <line number="328" hits="6" branch="True" condition-coverage="50% (1/2)">
              <conditions>
                <condition number="129" type="jump" coverage="50%" />
              </conditions>
            </line>
            <line number="329" hits="6" branch="False" />
            <line number="330" hits="6" branch="False" />
            <line number="331" hits="6" branch="False" />
            <line number="332" hits="12" branch="False" />
            <line number="339" hits="72" branch="False" />
            <line number="340" hits="72" branch="False" />
            <line number="341" hits="72" branch="False" />
            <line number="342" hits="72" branch="False" />
            <line number="343" hits="72" branch="False" />
            <line number="345" hits="72" branch="False" />
            <line number="346" hits="72" branch="False" />
            <line number="347" hits="72" branch="False" />
            <line number="348" hits="72" branch="False" />
            <line number="349" hits="72" branch="False" />
            <line number="350" hits="72" branch="False" />
            <line number="351" hits="72" branch="False" />
            <line number="352" hits="72" branch="False" />
            <line number="353" hits="72" branch="False" />
            <line number="354" hits="72" branch="False" />
            <line number="355" hits="72" branch="False" />
            <line number="356" hits="72" branch="False" />
            <line number="358" hits="72" branch="False" />
            <line number="359" hits="2448" branch="True" condition-coverage="100% (2/2)">
              <conditions>
                <condition number="326" type="jump" coverage="100%" />
              </conditions>
            </line>
            <line number="360" hits="1152" branch="False" />
            <line number="361" hits="149760" branch="True" condition-coverage="100% (2/2)">
              <conditions>
                <condition number="307" type="jump" coverage="100%" />
              </conditions>
            </line>
            <line number="362" hits="73728" branch="False" />
            <line number="363" hits="73728" branch="True" condition-coverage="100% (2/2)">
              <conditions>
                <condition number="258" type="jump" coverage="100%" />
              </conditions>
            </line>
            <line number="364" hits="70376" branch="False" />
            <line number="365" hits="73728" branch="False" />
            <line number="366" hits="1152" branch="False" />
            <line number="367" hits="1224" branch="False" />
            <line number="368" hits="72" branch="False" />
            <line number="371" hits="147456" branch="False" />
            <line number="374" hits="70" branch="False" />
            <line number="375" hits="70" branch="True" condition-coverage="50% (1/2)">
              <conditions>
                <condition number="19" type="jump" coverage="50%" />
              </conditions>
            </line>
            <line number="376" hits="0" branch="False" />
            <line number="377" hits="70" branch="False" />
            <line number="378" hits="2380" branch="True" condition-coverage="100% (2/2)">
              <conditions>
                <condition number="110" type="jump" coverage="100%" />
              </conditions>
            </line>
            <line number="379" hits="1120" branch="False" />
            <line number="380" hits="1120" branch="True" condition-coverage="50% (1/2)">
              <conditions>
                <condition number="81" type="jump" coverage="50%" />
              </conditions>
            </line>
            <line number="381" hits="1120" branch="False" />
            <line number="382" hits="1120" branch="False" />
            <line number="383" hits="1120" branch="False" />
            <line number="384" hits="1120" branch="False" />
            <line number="385" hits="0" branch="False" />
            <line number="386" hits="1120" branch="False" />
            <line number="387" hits="70" branch="False" />
            <line number="388" hits="70" branch="False" />
            <line number="391" hits="65" branch="False" />
            <line number="392" hits="65" branch="False" />
            <line number="393" hits="2210" branch="True" condition-coverage="100% (2/2)">
              <conditions>
                <condition number="34" type="jump" coverage="100%" />
              </conditions>
            </line>
            <line number="394" hits="1040" branch="False" />
            <line number="395" hits="65" branch="False" />
            <line number="396" hits="65" branch="False" />
            <line number="399" hits="14" branch="False" />
            <line number="400" hits="14" branch="True" condition-coverage="80% (16/20)">
              <conditions>
                <condition number="8" type="jump" coverage="50%" />
                <condition number="21" type="jump" coverage="50%" />
                <condition number="44" type="jump" coverage="100%" />
                <condition number="55" type="jump" coverage="50%" />
                <condition number="63" type="jump" coverage="50%" />
                <condition number="79" type="jump" coverage="100%" />
                <condition number="87" type="jump" coverage="100%" />
                <condition number="100" type="jump" coverage="100%" />
                <condition number="120" type="jump" coverage="100%" />
                <condition number="200" type="jump" coverage="100%" />
              </conditions>
            </line>
            <line number="401" hits="14" branch="False" />
            <line number="402" hits="14" branch="False" />
            <line number="403" hits="14" branch="False" />
            <line number="404" hits="14" branch="False" />
            <line number="405" hits="14" branch="False" />
            <line number="406" hits="14" branch="False" />
            <line number="407" hits="14" branch="False" />
            <line number="408" hits="14" branch="False" />
            <line number="409" hits="14" branch="False" />
            <line number="410" hits="276" branch="False" />
            <line number="411" hits="1" branch="False" />
            <line number="413" hits="563" branch="True" condition-coverage="100% (2/2)">
              <conditions>
                <condition number="445" type="jump" coverage="100%" />
              </conditions>
            </line>
            <line number="414" hits="262" branch="False" />
            <line number="415" hits="262" branch="True" condition-coverage="50% (8/16)">
              <conditions>
                <condition number="261" type="jump" coverage="50%" />
                <condition number="273" type="jump" coverage="50%" />
                <condition number="283" type="jump" coverage="50%" />
                <condition number="324" type="jump" coverage="50%" />
                <condition number="333" type="jump" coverage="50%" />
                <condition number="352" type="jump" coverage="50%" />
                <condition number="373" type="jump" coverage="50%" />
                <condition number="405" type="jump" coverage="50%" />
              </conditions>
            </line>
            <line number="416" hits="262" branch="False" />
            <line number="417" hits="262" branch="False" />
            <line number="418" hits="262" branch="False" />
            <line number="419" hits="262" branch="False" />
            <line number="420" hits="262" branch="False" />
            <line number="421" hits="262" branch="False" />
            <line number="422" hits="262" branch="False" />
            <line number="423" hits="262" branch="False" />
            <line number="424" hits="262" branch="False" />
            <line number="425" hits="262" branch="False" />
            <line number="426" hits="0" branch="False" />
            <line number="427" hits="262" branch="False" />
            <line number="428" hits="13" branch="False" />
            <line number="434" hits="10" branch="False" />
            <line number="435" hits="10" branch="True" condition-coverage="100% (2/2)">
              <conditions>
                <condition number="15" type="jump" coverage="100%" />
              </conditions>
            </line>
            <line number="436" hits="10" branch="True" condition-coverage="100% (2/2)">
              <conditions>
                <condition number="57" type="jump" coverage="100%" />
              </conditions>
            </line>
            <line number="437" hits="10" branch="False" />
            <line number="438" hits="10" branch="False" />
            <line number="441" hits="12" branch="False" />
            <line number="442" hits="12" branch="True" condition-coverage="50% (1/2)">
              <conditions>
                <condition number="13" type="jump" coverage="50%" />
              </conditions>
            </line>
            <line number="443" hits="0" branch="False" />
            <line number="444" hits="12" branch="False" />
            <line number="445" hits="12" branch="False" />
            <line number="448" hits="276" branch="True" condition-coverage="75% (6/8)">
              <conditions>
                <condition number="7" type="jump" coverage="100%" />
                <condition number="16" type="jump" coverage="100%" />
                <condition number="25" type="jump" coverage="50%" />
                <condition number="34" type="jump" coverage="50%" />
              </conditions>
            </line>
            <line number="449" hits="276" branch="False" />
            <line number="450" hits="276" branch="False" />
            <line number="453" hits="330" branch="True" condition-coverage="50% (3/6)">
              <conditions>
                <condition number="6" type="jump" coverage="50%" />
                <condition number="14" type="jump" coverage="50%" />
                <condition number="26" type="jump" coverage="50%" />
              </conditions>
            </line>
            <line number="38" hits="1" branch="False" />
            <line number="39" hits="1" branch="False" />
            <line number="40" hits="1" branch="False" />
            <line number="41" hits="1" branch="False" />
            <line number="42" hits="1" branch="False" />
            <line number="43" hits="1" branch="False" />
          </lines>
        </class>
        <class name="OcrLineTool.VisualTemplateMatcher/Score" filename="VisualTemplateMatcher.cs" line-rate="1" branch-rate="1" complexity="1">
          <methods>
            <method name="get_TemplateIndex" signature="()" line-rate="1" branch-rate="1" complexity="1">
              <lines>
                <line number="455" hits="95" branch="False" />
              </lines>
            </method>
          </methods>
          <lines>
            <line number="455" hits="95" branch="False" />
          </lines>
        </class>
        <class name="OcrLineTool.VisualTemplateMatcher/FingerprintRegion" filename="VisualTemplateMatcher.cs" line-rate="1" branch-rate="1" complexity="1">
          <methods>
            <method name="get_Top" signature="()" line-rate="1" branch-rate="1" complexity="1">
              <lines>
                <line number="456" hits="124" branch="False" />
              </lines>
            </method>
          </methods>
          <lines>
            <line number="456" hits="124" branch="False" />
          </lines>
        </class>
      </classes>
    </package>
  </packages>
</coverage>